2021-01-11 00:01:10,766 INFO org.springframework.boot.StartupInfoLogger [main] Starting BootstrapTodoApplication using Java 11.0.8 on sagayaraj with PID 7776 (C:\SagayHome\PersonalDev\ClientProjects\GoldenRealEstate\GoldenRealEstate\todo-app-bootstrap\target\classes started by sagayaraj in C:\SagayHome\PersonalDev\ClientProjects\GoldenRealEstate)
2021-01-11 00:01:10,795 DEBUG org.springframework.boot.StartupInfoLogger [main] Running with Spring Boot v2.4.1, Spring v5.3.2
2021-01-11 00:01:10,797 INFO org.springframework.boot.SpringApplication [main] No active profile set, falling back to default profiles: default
2021-01-11 00:01:12,082 INFO org.springframework.data.repository.config.RepositoryConfigurationDelegate [main] Bootstrapping Spring Data JPA repositories in DEFAULT mode.
2021-01-11 00:01:12,208 INFO org.springframework.data.repository.config.RepositoryConfigurationDelegate [main] Finished Spring Data repository scanning in 104 ms. Found 2 JPA repository interfaces.
2021-01-11 00:01:13,432 INFO org.eclipse.jetty.util.log.Log [main] Logging initialized @4965ms to org.eclipse.jetty.util.log.Slf4jLog
2021-01-11 00:01:14,085 INFO org.springframework.boot.web.embedded.jetty.JettyServletWebServerFactory [main] Server initialized with port: 8080
2021-01-11 00:01:14,091 INFO org.eclipse.jetty.server.Server [main] jetty-9.4.35.v20201120; built: 2020-11-20T21:17:03.964Z; git: bdc54f03a5e0a7e280fab27f55c3c75ee8da89fb; jvm 11.0.8+10-LTS
2021-01-11 00:01:14,137 INFO org.eclipse.jetty.server.handler.ContextHandler$Context [main] Initializing Spring embedded WebApplicationContext
2021-01-11 00:01:14,138 INFO org.springframework.boot.web.servlet.context.ServletWebServerApplicationContext [main] Root WebApplicationContext: initialization completed in 3213 ms
2021-01-11 00:01:14,443 INFO org.eclipse.jetty.server.session.DefaultSessionIdManager [main] DefaultSessionIdManager workerName=node0
2021-01-11 00:01:14,444 INFO org.eclipse.jetty.server.session.DefaultSessionIdManager [main] No SessionScavenger set, using defaults
2021-01-11 00:01:14,448 INFO org.eclipse.jetty.server.session.HouseKeeper [main] node0 Scavenging every 600000ms
2021-01-11 00:01:14,479 INFO org.eclipse.jetty.server.handler.ContextHandler [main] Started o.s.b.w.e.j.JettyEmbeddedWebAppContext@7316523a{application,/,[file:///C:/Users/sagayaraj/AppData/Local/Temp/jetty-docbase.8080.9609081571705257128/],AVAILABLE}
2021-01-11 00:01:14,481 INFO org.eclipse.jetty.server.Server [main] Started @6015ms
2021-01-11 00:01:14,877 INFO org.hibernate.jpa.internal.util.LogHelper [main] HHH000204: Processing PersistenceUnitInfo [name: default]
2021-01-11 00:01:15,023 INFO org.hibernate.Version [main] HHH000412: Hibernate ORM core version 5.4.25.Final
2021-01-11 00:01:15,327 INFO org.hibernate.annotations.common.reflection.java.JavaReflectionManager [main] HCANN000001: Hibernate Commons Annotations {5.1.2.Final}
2021-01-11 00:01:15,701 INFO com.zaxxer.hikari.HikariDataSource [main] HikariPool-1 - Starting...
2021-01-11 00:01:15,864 INFO com.zaxxer.hikari.HikariDataSource [main] HikariPool-1 - Start completed.
2021-01-11 00:01:15,896 INFO org.hibernate.dialect.Dialect [main] HHH000400: Using dialect: org.hibernate.dialect.PostgreSQLDialect
2021-01-11 00:01:17,379 INFO org.hibernate.engine.transaction.jta.platform.internal.JtaPlatformInitiator [main] HHH000490: Using JtaPlatform implementation: [org.hibernate.engine.transaction.jta.platform.internal.NoJtaPlatform]
2021-01-11 00:01:17,391 INFO org.springframework.orm.jpa.AbstractEntityManagerFactoryBean [main] Initialized JPA EntityManagerFactory for persistence unit 'default'
2021-01-11 00:01:18,111 WARN org.springframework.boot.autoconfigure.orm.jpa.JpaBaseConfiguration$JpaWebConfiguration [main] spring.jpa.open-in-view is enabled by default. Therefore, database queries may be performed during view rendering. Explicitly configure spring.jpa.open-in-view to disable this warning
2021-01-11 00:01:18,385 INFO org.springframework.scheduling.concurrent.ExecutorConfigurationSupport [main] Initializing ExecutorService 'applicationTaskExecutor'
2021-01-11 00:01:18,813 INFO org.eclipse.jetty.server.handler.ContextHandler$Context [main] Initializing Spring DispatcherServlet 'dispatcherServlet'
2021-01-11 00:01:18,813 INFO org.springframework.web.servlet.FrameworkServlet [main] Initializing Servlet 'dispatcherServlet'
2021-01-11 00:01:18,816 INFO org.springframework.web.servlet.FrameworkServlet [main] Completed initialization in 2 ms
2021-01-11 00:01:18,867 INFO org.eclipse.jetty.server.AbstractConnector [main] Started ServerConnector@71c17a57{HTTP/1.1, (http/1.1)}{0.0.0.0:8080}
2021-01-11 00:01:18,876 INFO org.springframework.boot.web.embedded.jetty.JettyWebServer [main] Jetty started on port(s) 8080 (http/1.1) with context path '/'
2021-01-11 00:01:18,889 INFO org.springframework.boot.StartupInfoLogger [main] Started BootstrapTodoApplication in 9.353 seconds (JVM running for 10.424)
2021-01-11 00:01:27,667 INFO ae.goldenrealestate.service.TodoService [qtp1453650546-25]  Todo Added TodoEntity{id=1, name='Clean Facade', description='Nake sure you ckean the facade'} 
2021-01-11 00:01:28,031 INFO ae.goldenrealestate.endpoints.rest.impl.TodoController [qtp1453650546-25]  Fetched entities [TodoEntity{id=1, name='Clean Facade', description='Nake sure you ckean the facade'}] 
2021-01-11 00:01:30,438 INFO ae.goldenrealestate.service.TodoService [qtp1453650546-21]  Todo Added TodoEntity{id=2, name='Clean Facade', description='Nake sure you ckean the facade'} 
2021-01-11 00:01:30,457 INFO ae.goldenrealestate.endpoints.rest.impl.TodoController [qtp1453650546-21]  Fetched entities [TodoEntity{id=1, name='Clean Facade', description='Nake sure you ckean the facade'}, TodoEntity{id=2, name='Clean Facade', description='Nake sure you ckean the facade'}] 
2021-01-11 00:02:04,455 INFO ae.goldenrealestate.service.TodoService [qtp1453650546-20]  Todo Added TodoEntity{id=3, name='Clean Facade', description='Nake sure you ckean the facade'} 
2021-01-11 00:02:04,470 INFO ae.goldenrealestate.endpoints.rest.impl.TodoController [qtp1453650546-20]  Fetched entities [TodoEntity{id=1, name='Clean Facade', description='Nake sure you ckean the facade'}, TodoEntity{id=2, name='Clean Facade', description='Nake sure you ckean the facade'}, TodoEntity{id=3, name='Clean Facade', description='Nake sure you ckean the facade'}] 
2021-01-11 00:02:22,622 INFO ae.goldenrealestate.service.TodoService [qtp1453650546-19]  Todo Added TodoEntity{id=4, name='Clean Facade', description='Nake sure you ckean the facade'} 
2021-01-11 00:02:22,632 INFO ae.goldenrealestate.endpoints.rest.impl.TodoController [qtp1453650546-19]  Fetched entities [TodoEntity{id=1, name='Clean Facade', description='Nake sure you ckean the facade'}, TodoEntity{id=2, name='Clean Facade', description='Nake sure you ckean the facade'}, TodoEntity{id=3, name='Clean Facade', description='Nake sure you ckean the facade'}, TodoEntity{id=4, name='Clean Facade', description='Nake sure you ckean the facade'}] 
2021-01-11 00:02:22,888 INFO ae.goldenrealestate.service.TodoService [qtp1453650546-21]  Todo Added TodoEntity{id=5, name='Clean Facade', description='Nake sure you ckean the facade'} 
2021-01-11 00:02:22,897 INFO ae.goldenrealestate.endpoints.rest.impl.TodoController [qtp1453650546-21]  Fetched entities [TodoEntity{id=1, name='Clean Facade', description='Nake sure you ckean the facade'}, TodoEntity{id=2, name='Clean Facade', description='Nake sure you ckean the facade'}, TodoEntity{id=3, name='Clean Facade', description='Nake sure you ckean the facade'}, TodoEntity{id=4, name='Clean Facade', description='Nake sure you ckean the facade'}, TodoEntity{id=5, name='Clean Facade', description='Nake sure you ckean the facade'}] 
2021-01-11 00:06:57,073 INFO org.springframework.boot.StartupInfoLogger [main] Starting BootstrapTodoApplication using Java 11.0.8 on sagayaraj with PID 11088 (C:\SagayHome\PersonalDev\ClientProjects\GoldenRealEstate\GoldenRealEstate\todo-app-bootstrap\target\classes started by sagayaraj in C:\SagayHome\PersonalDev\ClientProjects\GoldenRealEstate)
2021-01-11 00:06:57,091 DEBUG org.springframework.boot.StartupInfoLogger [main] Running with Spring Boot v2.4.1, Spring v5.3.2
2021-01-11 00:06:57,092 INFO org.springframework.boot.SpringApplication [main] No active profile set, falling back to default profiles: default
2021-01-11 00:06:58,419 INFO org.springframework.data.repository.config.RepositoryConfigurationDelegate [main] Bootstrapping Spring Data JPA repositories in DEFAULT mode.
2021-01-11 00:06:58,554 INFO org.springframework.data.repository.config.RepositoryConfigurationDelegate [main] Finished Spring Data repository scanning in 113 ms. Found 2 JPA repository interfaces.
2021-01-11 00:06:59,782 INFO org.eclipse.jetty.util.log.Log [main] Logging initialized @5424ms to org.eclipse.jetty.util.log.Slf4jLog
2021-01-11 00:07:00,450 INFO org.springframework.boot.web.embedded.jetty.JettyServletWebServerFactory [main] Server initialized with port: 8080
2021-01-11 00:07:00,459 INFO org.eclipse.jetty.server.Server [main] jetty-9.4.35.v20201120; built: 2020-11-20T21:17:03.964Z; git: bdc54f03a5e0a7e280fab27f55c3c75ee8da89fb; jvm 11.0.8+10-LTS
2021-01-11 00:07:00,528 INFO org.eclipse.jetty.server.handler.ContextHandler$Context [main] Initializing Spring embedded WebApplicationContext
2021-01-11 00:07:00,530 INFO org.springframework.boot.web.servlet.context.ServletWebServerApplicationContext [main] Root WebApplicationContext: initialization completed in 3306 ms
2021-01-11 00:07:00,842 INFO org.eclipse.jetty.server.session.DefaultSessionIdManager [main] DefaultSessionIdManager workerName=node0
2021-01-11 00:07:00,843 INFO org.eclipse.jetty.server.session.DefaultSessionIdManager [main] No SessionScavenger set, using defaults
2021-01-11 00:07:00,847 INFO org.eclipse.jetty.server.session.HouseKeeper [main] node0 Scavenging every 600000ms
2021-01-11 00:07:00,868 INFO org.eclipse.jetty.server.handler.ContextHandler [main] Started o.s.b.w.e.j.JettyEmbeddedWebAppContext@33a55bd8{application,/,[file:///C:/Users/sagayaraj/AppData/Local/Temp/jetty-docbase.8080.9330607411462057007/],AVAILABLE}
2021-01-11 00:07:00,869 INFO org.eclipse.jetty.server.Server [main] Started @6514ms
2021-01-11 00:07:01,233 INFO org.hibernate.jpa.internal.util.LogHelper [main] HHH000204: Processing PersistenceUnitInfo [name: default]
2021-01-11 00:07:01,351 INFO org.hibernate.Version [main] HHH000412: Hibernate ORM core version 5.4.25.Final
2021-01-11 00:07:01,644 INFO org.hibernate.annotations.common.reflection.java.JavaReflectionManager [main] HCANN000001: Hibernate Commons Annotations {5.1.2.Final}
2021-01-11 00:07:01,939 INFO com.zaxxer.hikari.HikariDataSource [main] HikariPool-1 - Starting...
2021-01-11 00:07:02,108 INFO com.zaxxer.hikari.HikariDataSource [main] HikariPool-1 - Start completed.
2021-01-11 00:07:02,142 INFO org.hibernate.dialect.Dialect [main] HHH000400: Using dialect: org.hibernate.dialect.PostgreSQLDialect
2021-01-11 00:07:03,530 INFO org.hibernate.engine.transaction.jta.platform.internal.JtaPlatformInitiator [main] HHH000490: Using JtaPlatform implementation: [org.hibernate.engine.transaction.jta.platform.internal.NoJtaPlatform]
2021-01-11 00:07:03,546 INFO org.springframework.orm.jpa.AbstractEntityManagerFactoryBean [main] Initialized JPA EntityManagerFactory for persistence unit 'default'
2021-01-11 00:07:04,335 WARN org.springframework.boot.autoconfigure.orm.jpa.JpaBaseConfiguration$JpaWebConfiguration [main] spring.jpa.open-in-view is enabled by default. Therefore, database queries may be performed during view rendering. Explicitly configure spring.jpa.open-in-view to disable this warning
2021-01-11 00:07:04,559 INFO org.springframework.scheduling.concurrent.ExecutorConfigurationSupport [main] Initializing ExecutorService 'applicationTaskExecutor'
2021-01-11 00:07:05,024 INFO org.eclipse.jetty.server.handler.ContextHandler$Context [main] Initializing Spring DispatcherServlet 'dispatcherServlet'
2021-01-11 00:07:05,025 INFO org.springframework.web.servlet.FrameworkServlet [main] Initializing Servlet 'dispatcherServlet'
2021-01-11 00:07:05,027 INFO org.springframework.web.servlet.FrameworkServlet [main] Completed initialization in 2 ms
2021-01-11 00:07:05,075 INFO org.eclipse.jetty.server.AbstractConnector [main] Started ServerConnector@640ab13c{HTTP/1.1, (http/1.1)}{0.0.0.0:8080}
2021-01-11 00:07:05,078 INFO org.springframework.boot.web.embedded.jetty.JettyWebServer [main] Jetty started on port(s) 8080 (http/1.1) with context path '/'
2021-01-11 00:07:05,093 INFO org.springframework.boot.StartupInfoLogger [main] Started BootstrapTodoApplication in 9.334 seconds (JVM running for 10.738)
2021-01-11 00:07:10,027 INFO ae.goldenrealestate.service.TodoService [qtp1054913783-25]  Todo Added TodoEntity{id=1, name='Clean Facade', description='Nake sure you ckean the facade'} 
2021-01-11 00:07:10,358 INFO ae.goldenrealestate.endpoints.rest.impl.TodoController [qtp1054913783-25]  Fetched entities [TodoEntity{id=1, name='Clean Facade', description='Nake sure you ckean the facade'}] 
2021-01-11 00:14:38,776 INFO org.springframework.boot.StartupInfoLogger [main] Starting BootstrapTodoApplication using Java 11.0.8 on sagayaraj with PID 18768 (C:\SagayHome\PersonalDev\ClientProjects\GoldenRealEstate\GoldenRealEstate\todo-app-bootstrap\target\classes started by sagayaraj in C:\SagayHome\PersonalDev\ClientProjects\GoldenRealEstate)
2021-01-11 00:14:38,792 DEBUG org.springframework.boot.StartupInfoLogger [main] Running with Spring Boot v2.4.1, Spring v5.3.2
2021-01-11 00:14:38,794 INFO org.springframework.boot.SpringApplication [main] No active profile set, falling back to default profiles: default
2021-01-11 00:14:40,063 INFO org.springframework.data.repository.config.RepositoryConfigurationDelegate [main] Bootstrapping Spring Data JPA repositories in DEFAULT mode.
2021-01-11 00:14:40,219 INFO org.springframework.data.repository.config.RepositoryConfigurationDelegate [main] Finished Spring Data repository scanning in 135 ms. Found 2 JPA repository interfaces.
2021-01-11 00:14:41,449 INFO org.eclipse.jetty.util.log.Log [main] Logging initialized @5447ms to org.eclipse.jetty.util.log.Slf4jLog
2021-01-11 00:14:42,151 INFO org.springframework.boot.web.embedded.jetty.JettyServletWebServerFactory [main] Server initialized with port: 8080
2021-01-11 00:14:42,160 INFO org.eclipse.jetty.server.Server [main] jetty-9.4.35.v20201120; built: 2020-11-20T21:17:03.964Z; git: bdc54f03a5e0a7e280fab27f55c3c75ee8da89fb; jvm 11.0.8+10-LTS
2021-01-11 00:14:42,225 INFO org.eclipse.jetty.server.handler.ContextHandler$Context [main] Initializing Spring embedded WebApplicationContext
2021-01-11 00:14:42,226 INFO org.springframework.boot.web.servlet.context.ServletWebServerApplicationContext [main] Root WebApplicationContext: initialization completed in 3317 ms
2021-01-11 00:14:42,491 INFO org.eclipse.jetty.server.session.DefaultSessionIdManager [main] DefaultSessionIdManager workerName=node0
2021-01-11 00:14:42,491 INFO org.eclipse.jetty.server.session.DefaultSessionIdManager [main] No SessionScavenger set, using defaults
2021-01-11 00:14:42,496 INFO org.eclipse.jetty.server.session.HouseKeeper [main] node0 Scavenging every 660000ms
2021-01-11 00:14:42,515 INFO org.eclipse.jetty.server.handler.ContextHandler [main] Started o.s.b.w.e.j.JettyEmbeddedWebAppContext@784223e9{application,/,[file:///C:/Users/sagayaraj/AppData/Local/Temp/jetty-docbase.8080.10484844477218443095/],AVAILABLE}
2021-01-11 00:14:42,517 INFO org.eclipse.jetty.server.Server [main] Started @6518ms
2021-01-11 00:14:42,903 INFO org.hibernate.jpa.internal.util.LogHelper [main] HHH000204: Processing PersistenceUnitInfo [name: default]
2021-01-11 00:14:43,020 INFO org.hibernate.Version [main] HHH000412: Hibernate ORM core version 5.4.25.Final
2021-01-11 00:14:43,336 INFO org.hibernate.annotations.common.reflection.java.JavaReflectionManager [main] HCANN000001: Hibernate Commons Annotations {5.1.2.Final}
2021-01-11 00:14:43,577 INFO com.zaxxer.hikari.HikariDataSource [main] HikariPool-1 - Starting...
2021-01-11 00:14:43,764 INFO com.zaxxer.hikari.HikariDataSource [main] HikariPool-1 - Start completed.
2021-01-11 00:14:43,818 INFO org.hibernate.dialect.Dialect [main] HHH000400: Using dialect: org.hibernate.dialect.PostgreSQLDialect
2021-01-11 00:14:45,239 INFO org.hibernate.engine.transaction.jta.platform.internal.JtaPlatformInitiator [main] HHH000490: Using JtaPlatform implementation: [org.hibernate.engine.transaction.jta.platform.internal.NoJtaPlatform]
2021-01-11 00:14:45,269 INFO org.springframework.orm.jpa.AbstractEntityManagerFactoryBean [main] Initialized JPA EntityManagerFactory for persistence unit 'default'
2021-01-11 00:14:46,038 WARN org.springframework.boot.autoconfigure.orm.jpa.JpaBaseConfiguration$JpaWebConfiguration [main] spring.jpa.open-in-view is enabled by default. Therefore, database queries may be performed during view rendering. Explicitly configure spring.jpa.open-in-view to disable this warning
2021-01-11 00:14:46,266 INFO org.springframework.scheduling.concurrent.ExecutorConfigurationSupport [main] Initializing ExecutorService 'applicationTaskExecutor'
2021-01-11 00:14:46,741 INFO org.eclipse.jetty.server.handler.ContextHandler$Context [main] Initializing Spring DispatcherServlet 'dispatcherServlet'
2021-01-11 00:14:46,743 INFO org.springframework.web.servlet.FrameworkServlet [main] Initializing Servlet 'dispatcherServlet'
2021-01-11 00:14:46,746 INFO org.springframework.web.servlet.FrameworkServlet [main] Completed initialization in 2 ms
2021-01-11 00:14:46,791 INFO org.eclipse.jetty.server.AbstractConnector [main] Started ServerConnector@4aa21f9d{HTTP/1.1, (http/1.1)}{0.0.0.0:8080}
2021-01-11 00:14:46,793 INFO org.springframework.boot.web.embedded.jetty.JettyWebServer [main] Jetty started on port(s) 8080 (http/1.1) with context path '/'
2021-01-11 00:14:46,809 INFO org.springframework.boot.StartupInfoLogger [main] Started BootstrapTodoApplication in 9.668 seconds (JVM running for 10.81)
2021-01-11 00:17:08,928 INFO ae.goldenrealestate.service.TodoService [qtp1326413897-24] Todo Added TodoEntity{id=1, name='Clean Facade', description='Nake sure you ckean the facade'} 
2021-01-11 00:17:09,336 INFO ae.goldenrealestate.endpoints.rest.impl.TodoController [qtp1326413897-24]  Fetched entities [TodoEntity{id=1, name='Clean Facade', description='Nake sure you ckean the facade'}] 
2021-01-11 00:21:24,839 INFO ae.goldenrealestate.service.TodoService [qtp1326413897-24] Todo Added TodoEntity{id=2, name='Clean Facade', description='Nake sure you ckean the facade'} 
2021-01-11 00:21:24,928 INFO ae.goldenrealestate.endpoints.rest.impl.TodoController [qtp1326413897-24]  Fetched entities [TodoEntity{id=1, name='Clean Facade', description='Nake sure you ckean the facade'}, TodoEntity{id=2, name='Clean Facade', description='Nake sure you ckean the facade'}] 
2021-01-11 00:22:32,492 INFO ae.goldenrealestate.service.TodoService [qtp1326413897-23] Todo Added TodoEntity{id=3, name='Clean Facade', description='Nake sure you ckean the facade'} 
2021-01-11 00:22:32,508 INFO ae.goldenrealestate.endpoints.rest.impl.TodoController [qtp1326413897-23]  Fetched entities [TodoEntity{id=1, name='Clean Facade', description='Nake sure you ckean the facade'}, TodoEntity{id=2, name='Clean Facade', description='Nake sure you ckean the facade'}, TodoEntity{id=3, name='Clean Facade', description='Nake sure you ckean the facade'}] 
2021-01-11 00:22:40,930 INFO ae.goldenrealestate.service.TodoService [qtp1326413897-22] Todo findByid Optional[TodoEntity{id=1, name='Clean Facade', description='Nake sure you ckean the facade'}] 
2021-01-11 00:22:40,989 INFO ae.goldenrealestate.endpoints.rest.impl.TodoController [qtp1326413897-22]  Fetched entities Optional[TodoEntity{id=1, name='Clean Facade', description='Nake sure you ckean the facade'}] 
2021-01-11 00:22:41,027 INFO ae.goldenrealestate.service.TodoService [qtp1326413897-24] Todo Added TodoEntity{id=4, name='Clean Facade', description='Nake sure you ckean the facade'} 
2021-01-11 00:22:41,037 INFO ae.goldenrealestate.endpoints.rest.impl.TodoController [qtp1326413897-24]  Fetched entities [TodoEntity{id=2, name='Clean Facade', description='Nake sure you ckean the facade'}, TodoEntity{id=3, name='Clean Facade', description='Nake sure you ckean the facade'}, TodoEntity{id=4, name='Clean Facade', description='Nake sure you ckean the facade'}] 
2021-01-11 00:22:43,686 INFO ae.goldenrealestate.service.TodoService [qtp1326413897-24] Todo findByid Optional[TodoEntity{id=4, name='Clean Facade', description='Nake sure you ckean the facade'}] 
2021-01-11 00:22:43,702 INFO ae.goldenrealestate.endpoints.rest.impl.TodoController [qtp1326413897-24]  Fetched entities Optional[TodoEntity{id=4, name='Clean Facade', description='Nake sure you ckean the facade'}] 
2021-01-11 00:22:43,735 INFO ae.goldenrealestate.service.TodoService [qtp1326413897-22] Todo Added TodoEntity{id=5, name='Clean Facade', description='Nake sure you ckean the facade'} 
2021-01-11 00:22:43,745 INFO ae.goldenrealestate.endpoints.rest.impl.TodoController [qtp1326413897-22]  Fetched entities [TodoEntity{id=2, name='Clean Facade', description='Nake sure you ckean the facade'}, TodoEntity{id=3, name='Clean Facade', description='Nake sure you ckean the facade'}, TodoEntity{id=5, name='Clean Facade', description='Nake sure you ckean the facade'}] 
2021-01-11 00:22:49,117 INFO ae.goldenrealestate.service.TodoService [qtp1326413897-24] Todo findByid Optional[TodoEntity{id=3, name='Clean Facade', description='Nake sure you ckean the facade'}] 
2021-01-11 00:22:49,134 INFO ae.goldenrealestate.endpoints.rest.impl.TodoController [qtp1326413897-24]  Fetched entities Optional[TodoEntity{id=3, name='Clean Facade', description='Nake sure you ckean the facade'}] 
2021-01-11 00:22:49,170 INFO ae.goldenrealestate.service.TodoService [qtp1326413897-20] Todo Added TodoEntity{id=6, name='Clean Facade', description='Nake sure you ckean the facade'} 
2021-01-11 00:22:49,181 INFO ae.goldenrealestate.endpoints.rest.impl.TodoController [qtp1326413897-20]  Fetched entities [TodoEntity{id=2, name='Clean Facade', description='Nake sure you ckean the facade'}, TodoEntity{id=5, name='Clean Facade', description='Nake sure you ckean the facade'}, TodoEntity{id=6, name='Clean Facade', description='Nake sure you ckean the facade'}] 
2021-01-11 00:23:08,457 INFO ae.goldenrealestate.service.TodoService [qtp1326413897-24] Todo findByid Optional[TodoEntity{id=2, name='Clean Facade', description='Nake sure you ckean the facade'}] 
2021-01-11 00:23:08,477 INFO ae.goldenrealestate.endpoints.rest.impl.TodoController [qtp1326413897-24]  Fetched entities Optional[TodoEntity{id=2, name='Clean Facade', description='Nake sure you ckean the facade'}] 
2021-01-11 00:23:08,502 INFO ae.goldenrealestate.service.TodoService [qtp1326413897-21] Todo Added TodoEntity{id=7, name='Clean Facade', description='Nake sure you ckean the facade'} 
2021-01-11 00:23:08,521 INFO ae.goldenrealestate.endpoints.rest.impl.TodoController [qtp1326413897-21]  Fetched entities [TodoEntity{id=5, name='Clean Facade', description='Nake sure you ckean the facade'}, TodoEntity{id=6, name='Clean Facade', description='Nake sure you ckean the facade'}, TodoEntity{id=7, name='Clean Facade', description='Nake sure you ckean the facade'}] 
2021-01-11 00:23:09,153 INFO ae.goldenrealestate.service.TodoService [qtp1326413897-24] Todo findByid Optional[TodoEntity{id=5, name='Clean Facade', description='Nake sure you ckean the facade'}] 
2021-01-11 00:23:09,168 INFO ae.goldenrealestate.endpoints.rest.impl.TodoController [qtp1326413897-24]  Fetched entities Optional[TodoEntity{id=5, name='Clean Facade', description='Nake sure you ckean the facade'}] 
2021-01-11 00:23:09,200 INFO ae.goldenrealestate.service.TodoService [qtp1326413897-23] Todo Added TodoEntity{id=8, name='Clean Facade', description='Nake sure you ckean the facade'} 
2021-01-11 00:23:09,212 INFO ae.goldenrealestate.endpoints.rest.impl.TodoController [qtp1326413897-23]  Fetched entities [TodoEntity{id=6, name='Clean Facade', description='Nake sure you ckean the facade'}, TodoEntity{id=7, name='Clean Facade', description='Nake sure you ckean the facade'}, TodoEntity{id=8, name='Clean Facade', description='Nake sure you ckean the facade'}] 
2021-01-11 00:23:09,391 INFO ae.goldenrealestate.service.TodoService [qtp1326413897-23] Todo findByid Optional[TodoEntity{id=6, name='Clean Facade', description='Nake sure you ckean the facade'}] 
2021-01-11 00:23:09,403 INFO ae.goldenrealestate.endpoints.rest.impl.TodoController [qtp1326413897-23]  Fetched entities Optional[TodoEntity{id=6, name='Clean Facade', description='Nake sure you ckean the facade'}] 
2021-01-11 00:23:09,430 INFO ae.goldenrealestate.service.TodoService [qtp1326413897-24] Todo Added TodoEntity{id=9, name='Clean Facade', description='Nake sure you ckean the facade'} 
2021-01-11 00:23:09,440 INFO ae.goldenrealestate.endpoints.rest.impl.TodoController [qtp1326413897-24]  Fetched entities [TodoEntity{id=7, name='Clean Facade', description='Nake sure you ckean the facade'}, TodoEntity{id=8, name='Clean Facade', description='Nake sure you ckean the facade'}, TodoEntity{id=9, name='Clean Facade', description='Nake sure you ckean the facade'}] 
2021-01-11 00:23:10,383 INFO ae.goldenrealestate.service.TodoService [qtp1326413897-24] Todo findByid Optional[TodoEntity{id=7, name='Clean Facade', description='Nake sure you ckean the facade'}] 
2021-01-11 00:23:10,400 INFO ae.goldenrealestate.endpoints.rest.impl.TodoController [qtp1326413897-24]  Fetched entities Optional[TodoEntity{id=7, name='Clean Facade', description='Nake sure you ckean the facade'}] 
2021-01-11 00:23:10,434 INFO ae.goldenrealestate.service.TodoService [qtp1326413897-23] Todo Added TodoEntity{id=10, name='Clean Facade', description='Nake sure you ckean the facade'} 
2021-01-11 00:23:10,446 INFO ae.goldenrealestate.endpoints.rest.impl.TodoController [qtp1326413897-23]  Fetched entities [TodoEntity{id=8, name='Clean Facade', description='Nake sure you ckean the facade'}, TodoEntity{id=9, name='Clean Facade', description='Nake sure you ckean the facade'}, TodoEntity{id=10, name='Clean Facade', description='Nake sure you ckean the facade'}] 
2021-01-11 00:23:11,037 INFO ae.goldenrealestate.service.TodoService [qtp1326413897-23] Todo findByid Optional[TodoEntity{id=9, name='Clean Facade', description='Nake sure you ckean the facade'}] 
2021-01-11 00:23:11,048 INFO ae.goldenrealestate.endpoints.rest.impl.TodoController [qtp1326413897-23]  Fetched entities Optional[TodoEntity{id=9, name='Clean Facade', description='Nake sure you ckean the facade'}] 
2021-01-11 00:23:11,078 INFO ae.goldenrealestate.service.TodoService [qtp1326413897-24] Todo Added TodoEntity{id=11, name='Clean Facade', description='Nake sure you ckean the facade'} 
2021-01-11 00:23:11,087 INFO ae.goldenrealestate.endpoints.rest.impl.TodoController [qtp1326413897-24]  Fetched entities [TodoEntity{id=8, name='Clean Facade', description='Nake sure you ckean the facade'}, TodoEntity{id=10, name='Clean Facade', description='Nake sure you ckean the facade'}, TodoEntity{id=11, name='Clean Facade', description='Nake sure you ckean the facade'}] 
2021-01-11 00:23:11,736 INFO ae.goldenrealestate.service.TodoService [qtp1326413897-24] Todo findByid Optional[TodoEntity{id=10, name='Clean Facade', description='Nake sure you ckean the facade'}] 
2021-01-11 00:23:11,751 INFO ae.goldenrealestate.endpoints.rest.impl.TodoController [qtp1326413897-24]  Fetched entities Optional[TodoEntity{id=10, name='Clean Facade', description='Nake sure you ckean the facade'}] 
2021-01-11 00:23:11,788 INFO ae.goldenrealestate.service.TodoService [qtp1326413897-23] Todo Added TodoEntity{id=12, name='Clean Facade', description='Nake sure you ckean the facade'} 
2021-01-11 00:23:11,798 INFO ae.goldenrealestate.endpoints.rest.impl.TodoController [qtp1326413897-23]  Fetched entities [TodoEntity{id=8, name='Clean Facade', description='Nake sure you ckean the facade'}, TodoEntity{id=11, name='Clean Facade', description='Nake sure you ckean the facade'}, TodoEntity{id=12, name='Clean Facade', description='Nake sure you ckean the facade'}] 
2021-01-11 00:23:11,928 INFO ae.goldenrealestate.service.TodoService [qtp1326413897-23] Todo findByid Optional[TodoEntity{id=11, name='Clean Facade', description='Nake sure you ckean the facade'}] 
2021-01-11 00:23:11,940 INFO ae.goldenrealestate.endpoints.rest.impl.TodoController [qtp1326413897-23]  Fetched entities Optional[TodoEntity{id=11, name='Clean Facade', description='Nake sure you ckean the facade'}] 
2021-01-11 00:23:11,967 INFO ae.goldenrealestate.service.TodoService [qtp1326413897-24] Todo Added TodoEntity{id=13, name='Clean Facade', description='Nake sure you ckean the facade'} 
2021-01-11 00:23:11,981 INFO ae.goldenrealestate.endpoints.rest.impl.TodoController [qtp1326413897-24]  Fetched entities [TodoEntity{id=8, name='Clean Facade', description='Nake sure you ckean the facade'}, TodoEntity{id=12, name='Clean Facade', description='Nake sure you ckean the facade'}, TodoEntity{id=13, name='Clean Facade', description='Nake sure you ckean the facade'}] 
2021-01-11 00:23:12,114 INFO ae.goldenrealestate.service.TodoService [qtp1326413897-24] Todo findByid Optional[TodoEntity{id=12, name='Clean Facade', description='Nake sure you ckean the facade'}] 
2021-01-11 00:23:12,126 INFO ae.goldenrealestate.endpoints.rest.impl.TodoController [qtp1326413897-24]  Fetched entities Optional[TodoEntity{id=12, name='Clean Facade', description='Nake sure you ckean the facade'}] 
2021-01-11 00:23:12,154 INFO ae.goldenrealestate.service.TodoService [qtp1326413897-23] Todo Added TodoEntity{id=14, name='Clean Facade', description='Nake sure you ckean the facade'} 
2021-01-11 00:23:12,162 INFO ae.goldenrealestate.endpoints.rest.impl.TodoController [qtp1326413897-23]  Fetched entities [TodoEntity{id=8, name='Clean Facade', description='Nake sure you ckean the facade'}, TodoEntity{id=13, name='Clean Facade', description='Nake sure you ckean the facade'}, TodoEntity{id=14, name='Clean Facade', description='Nake sure you ckean the facade'}] 
2021-01-11 00:23:12,884 INFO ae.goldenrealestate.service.TodoService [qtp1326413897-23] Todo findByid Optional[TodoEntity{id=13, name='Clean Facade', description='Nake sure you ckean the facade'}] 
2021-01-11 00:23:12,898 INFO ae.goldenrealestate.endpoints.rest.impl.TodoController [qtp1326413897-23]  Fetched entities Optional[TodoEntity{id=13, name='Clean Facade', description='Nake sure you ckean the facade'}] 
2021-01-11 00:23:12,930 INFO ae.goldenrealestate.service.TodoService [qtp1326413897-24] Todo Added TodoEntity{id=15, name='Clean Facade', description='Nake sure you ckean the facade'} 
2021-01-11 00:23:12,940 INFO ae.goldenrealestate.endpoints.rest.impl.TodoController [qtp1326413897-24]  Fetched entities [TodoEntity{id=8, name='Clean Facade', description='Nake sure you ckean the facade'}, TodoEntity{id=14, name='Clean Facade', description='Nake sure you ckean the facade'}, TodoEntity{id=15, name='Clean Facade', description='Nake sure you ckean the facade'}] 
2021-01-11 00:24:25,415 INFO ae.goldenrealestate.service.TodoService [qtp1326413897-34] Todo Added TodoEntity{id=16, name='Clean Facade', description='Nake sure you ckean the facade'} 
2021-01-11 00:24:25,427 INFO ae.goldenrealestate.endpoints.rest.impl.TodoController [qtp1326413897-34]  Fetched entities [TodoEntity{id=8, name='Clean Facade', description='Nake sure you ckean the facade'}, TodoEntity{id=14, name='Clean Facade', description='Nake sure you ckean the facade'}, TodoEntity{id=15, name='Clean Facade', description='Nake sure you ckean the facade'}, TodoEntity{id=16, name='Clean Facade', description='Nake sure you ckean the facade'}] 
2021-01-11 00:24:35,213 INFO ae.goldenrealestate.service.TodoService [qtp1326413897-22] Todo findByid Optional[TodoEntity{id=8, name='Clean Facade', description='Nake sure you ckean the facade'}] 
2021-01-11 00:24:35,230 INFO ae.goldenrealestate.endpoints.rest.impl.TodoController [qtp1326413897-22]  Fetched entities Optional[TodoEntity{id=8, name='Clean Facade', description='Nake sure you ckean the facade'}] 
2021-01-11 00:24:35,269 INFO ae.goldenrealestate.service.TodoService [qtp1326413897-20] Todo Added TodoEntity{id=17, name='Clean Facade', description='Nake sure you ckean the facade'} 
2021-01-11 00:24:35,279 INFO ae.goldenrealestate.endpoints.rest.impl.TodoController [qtp1326413897-20]  Fetched entities [TodoEntity{id=14, name='Clean Facade', description='Nake sure you ckean the facade'}, TodoEntity{id=15, name='Clean Facade', description='Nake sure you ckean the facade'}, TodoEntity{id=16, name='Clean Facade', description='Nake sure you ckean the facade'}, TodoEntity{id=17, name='Clean Facade', description='Nake sure you ckean the facade'}] 
2021-01-11 00:24:37,776 INFO ae.goldenrealestate.service.TodoService [qtp1326413897-20] Todo findByid Optional[TodoEntity{id=16, name='Clean Facade', description='Nake sure you ckean the facade'}] 
2021-01-11 00:24:37,792 INFO ae.goldenrealestate.endpoints.rest.impl.TodoController [qtp1326413897-20]  Fetched entities Optional[TodoEntity{id=16, name='Clean Facade', description='Nake sure you ckean the facade'}] 
2021-01-11 00:24:37,825 INFO ae.goldenrealestate.service.TodoService [qtp1326413897-22] Todo Added TodoEntity{id=18, name='Clean Facade', description='Nake sure you ckean the facade'} 
2021-01-11 00:24:37,836 INFO ae.goldenrealestate.endpoints.rest.impl.TodoController [qtp1326413897-22]  Fetched entities [TodoEntity{id=14, name='Clean Facade', description='Nake sure you ckean the facade'}, TodoEntity{id=15, name='Clean Facade', description='Nake sure you ckean the facade'}, TodoEntity{id=17, name='Clean Facade', description='Nake sure you ckean the facade'}, TodoEntity{id=18, name='Clean Facade', description='Nake sure you ckean the facade'}] 
2021-01-11 00:24:45,050 INFO ae.goldenrealestate.service.TodoService [qtp1326413897-20] Todo findByid Optional[TodoEntity{id=14, name='Clean Facade', description='Nake sure you ckean the facade'}] 
2021-01-11 00:24:45,066 INFO ae.goldenrealestate.endpoints.rest.impl.TodoController [qtp1326413897-20]  Fetched entities Optional[TodoEntity{id=14, name='Clean Facade', description='Nake sure you ckean the facade'}] 
2021-01-11 00:24:45,100 INFO ae.goldenrealestate.service.TodoService [qtp1326413897-21] Todo Added TodoEntity{id=19, name='Clean Facade', description='Nake sure you ckean the facade'} 
2021-01-11 00:24:45,110 INFO ae.goldenrealestate.endpoints.rest.impl.TodoController [qtp1326413897-21]  Fetched entities [TodoEntity{id=15, name='Clean Facade', description='Nake sure you ckean the facade'}, TodoEntity{id=17, name='Clean Facade', description='Nake sure you ckean the facade'}, TodoEntity{id=18, name='Clean Facade', description='Nake sure you ckean the facade'}, TodoEntity{id=19, name='Clean Facade', description='Nake sure you ckean the facade'}] 
2021-01-11 00:24:47,016 INFO ae.goldenrealestate.service.TodoService [qtp1326413897-20] Todo Added TodoEntity{id=20, name='Clean Facade', description='Nake sure you ckean the facade'} 
2021-01-11 00:24:47,026 INFO ae.goldenrealestate.endpoints.rest.impl.TodoController [qtp1326413897-20]  Fetched entities [TodoEntity{id=15, name='Clean Facade', description='Nake sure you ckean the facade'}, TodoEntity{id=17, name='Clean Facade', description='Nake sure you ckean the facade'}, TodoEntity{id=18, name='Clean Facade', description='Nake sure you ckean the facade'}, TodoEntity{id=19, name='Clean Facade', description='Nake sure you ckean the facade'}, TodoEntity{id=20, name='Clean Facade', description='Nake sure you ckean the facade'}] 
2021-01-11 00:24:48,238 INFO ae.goldenrealestate.service.TodoService [qtp1326413897-20] Todo findByid Optional[TodoEntity{id=15, name='Clean Facade', description='Nake sure you ckean the facade'}] 
2021-01-11 00:24:48,254 INFO ae.goldenrealestate.endpoints.rest.impl.TodoController [qtp1326413897-20]  Fetched entities Optional[TodoEntity{id=15, name='Clean Facade', description='Nake sure you ckean the facade'}] 
2021-01-11 00:24:48,294 INFO ae.goldenrealestate.service.TodoService [qtp1326413897-21] Todo Added TodoEntity{id=21, name='Clean Facade', description='Nake sure you ckean the facade'} 
2021-01-11 00:24:48,304 INFO ae.goldenrealestate.endpoints.rest.impl.TodoController [qtp1326413897-21]  Fetched entities [TodoEntity{id=17, name='Clean Facade', description='Nake sure you ckean the facade'}, TodoEntity{id=18, name='Clean Facade', description='Nake sure you ckean the facade'}, TodoEntity{id=19, name='Clean Facade', description='Nake sure you ckean the facade'}, TodoEntity{id=20, name='Clean Facade', description='Nake sure you ckean the facade'}, TodoEntity{id=21, name='Clean Facade', description='Nake sure you ckean the facade'}] 
2021-01-11 00:24:49,852 INFO ae.goldenrealestate.service.TodoService [qtp1326413897-21] Todo findByid Optional[TodoEntity{id=18, name='Clean Facade', description='Nake sure you ckean the facade'}] 
2021-01-11 00:24:49,867 INFO ae.goldenrealestate.endpoints.rest.impl.TodoController [qtp1326413897-21]  Fetched entities Optional[TodoEntity{id=18, name='Clean Facade', description='Nake sure you ckean the facade'}] 
2021-01-11 00:24:49,899 INFO ae.goldenrealestate.service.TodoService [qtp1326413897-20] Todo Added TodoEntity{id=22, name='Clean Facade', description='Nake sure you ckean the facade'} 
2021-01-11 00:24:49,915 INFO ae.goldenrealestate.endpoints.rest.impl.TodoController [qtp1326413897-20]  Fetched entities [TodoEntity{id=17, name='Clean Facade', description='Nake sure you ckean the facade'}, TodoEntity{id=19, name='Clean Facade', description='Nake sure you ckean the facade'}, TodoEntity{id=20, name='Clean Facade', description='Nake sure you ckean the facade'}, TodoEntity{id=21, name='Clean Facade', description='Nake sure you ckean the facade'}, TodoEntity{id=22, name='Clean Facade', description='Nake sure you ckean the facade'}] 
2021-01-11 00:25:00,989 INFO ae.goldenrealestate.service.TodoService [qtp1326413897-21] Todo findByid Optional[TodoEntity{id=17, name='Clean Facade', description='Nake sure you ckean the facade'}] 
2021-01-11 00:25:01,008 INFO ae.goldenrealestate.endpoints.rest.impl.TodoController [qtp1326413897-21]  Fetched entities Optional[TodoEntity{id=17, name='Clean Facade', description='Nake sure you ckean the facade'}] 
2021-01-11 00:25:01,043 INFO ae.goldenrealestate.service.TodoService [qtp1326413897-24] Todo Added TodoEntity{id=23, name='Clean Facade', description='Nake sure you ckean the facade'} 
2021-01-11 00:25:01,052 INFO ae.goldenrealestate.endpoints.rest.impl.TodoController [qtp1326413897-24]  Fetched entities [TodoEntity{id=19, name='Clean Facade', description='Nake sure you ckean the facade'}, TodoEntity{id=20, name='Clean Facade', description='Nake sure you ckean the facade'}, TodoEntity{id=21, name='Clean Facade', description='Nake sure you ckean the facade'}, TodoEntity{id=22, name='Clean Facade', description='Nake sure you ckean the facade'}, TodoEntity{id=23, name='Clean Facade', description='Nake sure you ckean the facade'}] 
2021-01-11 00:25:01,946 INFO ae.goldenrealestate.service.TodoService [qtp1326413897-24] Todo findByid Optional[TodoEntity{id=19, name='Clean Facade', description='Nake sure you ckean the facade'}] 
2021-01-11 00:25:01,962 INFO ae.goldenrealestate.endpoints.rest.impl.TodoController [qtp1326413897-24]  Fetched entities Optional[TodoEntity{id=19, name='Clean Facade', description='Nake sure you ckean the facade'}] 
2021-01-11 00:25:01,995 INFO ae.goldenrealestate.service.TodoService [qtp1326413897-21] Todo Added TodoEntity{id=24, name='Clean Facade', description='Nake sure you ckean the facade'} 
2021-01-11 00:25:02,006 INFO ae.goldenrealestate.endpoints.rest.impl.TodoController [qtp1326413897-21]  Fetched entities [TodoEntity{id=20, name='Clean Facade', description='Nake sure you ckean the facade'}, TodoEntity{id=21, name='Clean Facade', description='Nake sure you ckean the facade'}, TodoEntity{id=22, name='Clean Facade', description='Nake sure you ckean the facade'}, TodoEntity{id=23, name='Clean Facade', description='Nake sure you ckean the facade'}, TodoEntity{id=24, name='Clean Facade', description='Nake sure you ckean the facade'}] 
2021-01-11 00:25:57,365 INFO ae.goldenrealestate.service.TodoService [qtp1326413897-23] Todo Added TodoEntity{id=25, name='Clean Facade', description='Nake sure you ckean the facade'} 
2021-01-11 00:25:57,374 INFO ae.goldenrealestate.endpoints.rest.impl.TodoController [qtp1326413897-23]  Fetched entities [TodoEntity{id=20, name='Clean Facade', description='Nake sure you ckean the facade'}, TodoEntity{id=21, name='Clean Facade', description='Nake sure you ckean the facade'}, TodoEntity{id=22, name='Clean Facade', description='Nake sure you ckean the facade'}, TodoEntity{id=23, name='Clean Facade', description='Nake sure you ckean the facade'}, TodoEntity{id=24, name='Clean Facade', description='Nake sure you ckean the facade'}, TodoEntity{id=25, name='Clean Facade', description='Nake sure you ckean the facade'}] 
2021-01-11 00:27:00,428 INFO ae.goldenrealestate.service.TodoService [qtp1326413897-22] Todo Added TodoEntity{id=26, name='Clean Facade', description='Nake sure you ckean the facade'} 
2021-01-11 00:27:00,438 INFO ae.goldenrealestate.endpoints.rest.impl.TodoController [qtp1326413897-22]  Fetched entities [TodoEntity{id=20, name='Clean Facade', description='Nake sure you ckean the facade'}, TodoEntity{id=21, name='Clean Facade', description='Nake sure you ckean the facade'}, TodoEntity{id=22, name='Clean Facade', description='Nake sure you ckean the facade'}, TodoEntity{id=23, name='Clean Facade', description='Nake sure you ckean the facade'}, TodoEntity{id=24, name='Clean Facade', description='Nake sure you ckean the facade'}, TodoEntity{id=25, name='Clean Facade', description='Nake sure you ckean the facade'}, TodoEntity{id=26, name='Clean Facade', description='Nake sure you ckean the facade'}] 
2021-01-11 00:27:14,441 INFO ae.goldenrealestate.service.TodoService [qtp1326413897-20] Todo Added TodoEntity{id=27, name='Clean Facade', description='Nake sure you ckean the facade'} 
2021-01-11 00:27:14,456 INFO ae.goldenrealestate.endpoints.rest.impl.TodoController [qtp1326413897-20]  Fetched entities [TodoEntity{id=20, name='Clean Facade', description='Nake sure you ckean the facade'}, TodoEntity{id=21, name='Clean Facade', description='Nake sure you ckean the facade'}, TodoEntity{id=22, name='Clean Facade', description='Nake sure you ckean the facade'}, TodoEntity{id=23, name='Clean Facade', description='Nake sure you ckean the facade'}, TodoEntity{id=24, name='Clean Facade', description='Nake sure you ckean the facade'}, TodoEntity{id=25, name='Clean Facade', description='Nake sure you ckean the facade'}, TodoEntity{id=26, name='Clean Facade', description='Nake sure you ckean the facade'}, TodoEntity{id=27, name='Clean Facade', description='Nake sure you ckean the facade'}] 
2021-01-11 00:27:16,313 INFO ae.goldenrealestate.service.TodoService [qtp1326413897-24] Todo Added TodoEntity{id=28, name='Clean Facade', description='Nake sure you ckean the facade'} 
2021-01-11 00:27:16,323 INFO ae.goldenrealestate.endpoints.rest.impl.TodoController [qtp1326413897-24]  Fetched entities [TodoEntity{id=20, name='Clean Facade', description='Nake sure you ckean the facade'}, TodoEntity{id=21, name='Clean Facade', description='Nake sure you ckean the facade'}, TodoEntity{id=22, name='Clean Facade', description='Nake sure you ckean the facade'}, TodoEntity{id=23, name='Clean Facade', description='Nake sure you ckean the facade'}, TodoEntity{id=24, name='Clean Facade', description='Nake sure you ckean the facade'}, TodoEntity{id=25, name='Clean Facade', description='Nake sure you ckean the facade'}, TodoEntity{id=26, name='Clean Facade', description='Nake sure you ckean the facade'}, TodoEntity{id=27, name='Clean Facade', description='Nake sure you ckean the facade'}, TodoEntity{id=28, name='Clean Facade', description='Nake sure you ckean the facade'}] 
2021-01-11 00:27:22,416 INFO ae.goldenrealestate.service.TodoService [qtp1326413897-20] Todo Added TodoEntity{id=29, name='Clean Facade', description='Nake sure you ckean the facade'} 
2021-01-11 00:27:22,425 INFO ae.goldenrealestate.endpoints.rest.impl.TodoController [qtp1326413897-20]  Fetched entities [TodoEntity{id=20, name='Clean Facade', description='Nake sure you ckean the facade'}, TodoEntity{id=21, name='Clean Facade', description='Nake sure you ckean the facade'}, TodoEntity{id=22, name='Clean Facade', description='Nake sure you ckean the facade'}, TodoEntity{id=23, name='Clean Facade', description='Nake sure you ckean the facade'}, TodoEntity{id=24, name='Clean Facade', description='Nake sure you ckean the facade'}, TodoEntity{id=25, name='Clean Facade', description='Nake sure you ckean the facade'}, TodoEntity{id=26, name='Clean Facade', description='Nake sure you ckean the facade'}, TodoEntity{id=27, name='Clean Facade', description='Nake sure you ckean the facade'}, TodoEntity{id=28, name='Clean Facade', description='Nake sure you ckean the facade'}, TodoEntity{id=29, name='Clean Facade', description='Nake sure you ckean the facade'}] 
2021-01-11 00:27:31,023 INFO ae.goldenrealestate.service.TodoService [qtp1326413897-24] Todo findByid Optional[TodoEntity{id=20, name='Clean Facade', description='Nake sure you ckean the facade'}] 
2021-01-11 00:27:31,040 INFO ae.goldenrealestate.endpoints.rest.impl.TodoController [qtp1326413897-24]  Fetched entities Optional[TodoEntity{id=20, name='Clean Facade', description='Nake sure you ckean the facade'}] 
2021-01-11 00:27:31,095 INFO ae.goldenrealestate.service.TodoService [qtp1326413897-21] Todo Added TodoEntity{id=30, name='Clean Facade', description='Nake sure you ckean the facade'} 
2021-01-11 00:27:31,106 INFO ae.goldenrealestate.endpoints.rest.impl.TodoController [qtp1326413897-21]  Fetched entities [TodoEntity{id=21, name='Clean Facade', description='Nake sure you ckean the facade'}, TodoEntity{id=22, name='Clean Facade', description='Nake sure you ckean the facade'}, TodoEntity{id=23, name='Clean Facade', description='Nake sure you ckean the facade'}, TodoEntity{id=24, name='Clean Facade', description='Nake sure you ckean the facade'}, TodoEntity{id=25, name='Clean Facade', description='Nake sure you ckean the facade'}, TodoEntity{id=26, name='Clean Facade', description='Nake sure you ckean the facade'}, TodoEntity{id=27, name='Clean Facade', description='Nake sure you ckean the facade'}, TodoEntity{id=28, name='Clean Facade', description='Nake sure you ckean the facade'}, TodoEntity{id=29, name='Clean Facade', description='Nake sure you ckean the facade'}, TodoEntity{id=30, name='Clean Facade', description='Nake sure you ckean the facade'}] 
2021-01-11 00:27:32,392 INFO ae.goldenrealestate.service.TodoService [qtp1326413897-21] Todo findByid Optional[TodoEntity{id=22, name='Clean Facade', description='Nake sure you ckean the facade'}] 
2021-01-11 00:27:32,417 INFO ae.goldenrealestate.endpoints.rest.impl.TodoController [qtp1326413897-21]  Fetched entities Optional[TodoEntity{id=22, name='Clean Facade', description='Nake sure you ckean the facade'}] 
2021-01-11 00:27:32,449 INFO ae.goldenrealestate.service.TodoService [qtp1326413897-24] Todo Added TodoEntity{id=31, name='Clean Facade', description='Nake sure you ckean the facade'} 
2021-01-11 00:27:32,458 INFO ae.goldenrealestate.endpoints.rest.impl.TodoController [qtp1326413897-24]  Fetched entities [TodoEntity{id=21, name='Clean Facade', description='Nake sure you ckean the facade'}, TodoEntity{id=23, name='Clean Facade', description='Nake sure you ckean the facade'}, TodoEntity{id=24, name='Clean Facade', description='Nake sure you ckean the facade'}, TodoEntity{id=25, name='Clean Facade', description='Nake sure you ckean the facade'}, TodoEntity{id=26, name='Clean Facade', description='Nake sure you ckean the facade'}, TodoEntity{id=27, name='Clean Facade', description='Nake sure you ckean the facade'}, TodoEntity{id=28, name='Clean Facade', description='Nake sure you ckean the facade'}, TodoEntity{id=29, name='Clean Facade', description='Nake sure you ckean the facade'}, TodoEntity{id=30, name='Clean Facade', description='Nake sure you ckean the facade'}, TodoEntity{id=31, name='Clean Facade', description='Nake sure you ckean the facade'}] 
2021-01-11 00:27:32,804 INFO ae.goldenrealestate.service.TodoService [qtp1326413897-24] Todo findByid Optional[TodoEntity{id=23, name='Clean Facade', description='Nake sure you ckean the facade'}] 
2021-01-11 00:27:32,823 INFO ae.goldenrealestate.endpoints.rest.impl.TodoController [qtp1326413897-24]  Fetched entities Optional[TodoEntity{id=23, name='Clean Facade', description='Nake sure you ckean the facade'}] 
2021-01-11 00:27:32,860 INFO ae.goldenrealestate.service.TodoService [qtp1326413897-21] Todo Added TodoEntity{id=32, name='Clean Facade', description='Nake sure you ckean the facade'} 
2021-01-11 00:27:32,870 INFO ae.goldenrealestate.endpoints.rest.impl.TodoController [qtp1326413897-21]  Fetched entities [TodoEntity{id=21, name='Clean Facade', description='Nake sure you ckean the facade'}, TodoEntity{id=24, name='Clean Facade', description='Nake sure you ckean the facade'}, TodoEntity{id=25, name='Clean Facade', description='Nake sure you ckean the facade'}, TodoEntity{id=26, name='Clean Facade', description='Nake sure you ckean the facade'}, TodoEntity{id=27, name='Clean Facade', description='Nake sure you ckean the facade'}, TodoEntity{id=28, name='Clean Facade', description='Nake sure you ckean the facade'}, TodoEntity{id=29, name='Clean Facade', description='Nake sure you ckean the facade'}, TodoEntity{id=30, name='Clean Facade', description='Nake sure you ckean the facade'}, TodoEntity{id=31, name='Clean Facade', description='Nake sure you ckean the facade'}, TodoEntity{id=32, name='Clean Facade', description='Nake sure you ckean the facade'}] 
2021-01-11 00:27:33,170 INFO ae.goldenrealestate.service.TodoService [qtp1326413897-21] Todo findByid Optional[TodoEntity{id=24, name='Clean Facade', description='Nake sure you ckean the facade'}] 
2021-01-11 00:27:33,187 INFO ae.goldenrealestate.endpoints.rest.impl.TodoController [qtp1326413897-21]  Fetched entities Optional[TodoEntity{id=24, name='Clean Facade', description='Nake sure you ckean the facade'}] 
2021-01-11 00:27:33,222 INFO ae.goldenrealestate.service.TodoService [qtp1326413897-24] Todo Added TodoEntity{id=33, name='Clean Facade', description='Nake sure you ckean the facade'} 
2021-01-11 00:27:33,231 INFO ae.goldenrealestate.endpoints.rest.impl.TodoController [qtp1326413897-24]  Fetched entities [TodoEntity{id=21, name='Clean Facade', description='Nake sure you ckean the facade'}, TodoEntity{id=25, name='Clean Facade', description='Nake sure you ckean the facade'}, TodoEntity{id=26, name='Clean Facade', description='Nake sure you ckean the facade'}, TodoEntity{id=27, name='Clean Facade', description='Nake sure you ckean the facade'}, TodoEntity{id=28, name='Clean Facade', description='Nake sure you ckean the facade'}, TodoEntity{id=29, name='Clean Facade', description='Nake sure you ckean the facade'}, TodoEntity{id=30, name='Clean Facade', description='Nake sure you ckean the facade'}, TodoEntity{id=31, name='Clean Facade', description='Nake sure you ckean the facade'}, TodoEntity{id=32, name='Clean Facade', description='Nake sure you ckean the facade'}, TodoEntity{id=33, name='Clean Facade', description='Nake sure you ckean the facade'}] 
2021-01-11 00:27:33,507 INFO ae.goldenrealestate.service.TodoService [qtp1326413897-24] Todo findByid Optional[TodoEntity{id=25, name='Clean Facade', description='Nake sure you ckean the facade'}] 
2021-01-11 00:27:33,522 INFO ae.goldenrealestate.endpoints.rest.impl.TodoController [qtp1326413897-24]  Fetched entities Optional[TodoEntity{id=25, name='Clean Facade', description='Nake sure you ckean the facade'}] 
2021-01-11 00:27:33,560 INFO ae.goldenrealestate.service.TodoService [qtp1326413897-21] Todo Added TodoEntity{id=34, name='Clean Facade', description='Nake sure you ckean the facade'} 
2021-01-11 00:27:33,569 INFO ae.goldenrealestate.endpoints.rest.impl.TodoController [qtp1326413897-21]  Fetched entities [TodoEntity{id=21, name='Clean Facade', description='Nake sure you ckean the facade'}, TodoEntity{id=26, name='Clean Facade', description='Nake sure you ckean the facade'}, TodoEntity{id=27, name='Clean Facade', description='Nake sure you ckean the facade'}, TodoEntity{id=28, name='Clean Facade', description='Nake sure you ckean the facade'}, TodoEntity{id=29, name='Clean Facade', description='Nake sure you ckean the facade'}, TodoEntity{id=30, name='Clean Facade', description='Nake sure you ckean the facade'}, TodoEntity{id=31, name='Clean Facade', description='Nake sure you ckean the facade'}, TodoEntity{id=32, name='Clean Facade', description='Nake sure you ckean the facade'}, TodoEntity{id=33, name='Clean Facade', description='Nake sure you ckean the facade'}, TodoEntity{id=34, name='Clean Facade', description='Nake sure you ckean the facade'}] 
2021-01-11 00:27:35,542 INFO ae.goldenrealestate.service.TodoService [qtp1326413897-24] Todo findByid Optional[TodoEntity{id=30, name='Clean Facade', description='Nake sure you ckean the facade'}] 
2021-01-11 00:27:35,558 INFO ae.goldenrealestate.endpoints.rest.impl.TodoController [qtp1326413897-24]  Fetched entities Optional[TodoEntity{id=30, name='Clean Facade', description='Nake sure you ckean the facade'}] 
2021-01-11 00:27:35,602 INFO ae.goldenrealestate.service.TodoService [qtp1326413897-23] Todo Added TodoEntity{id=35, name='Clean Facade', description='Nake sure you ckean the facade'} 
2021-01-11 00:27:35,612 INFO ae.goldenrealestate.endpoints.rest.impl.TodoController [qtp1326413897-23]  Fetched entities [TodoEntity{id=21, name='Clean Facade', description='Nake sure you ckean the facade'}, TodoEntity{id=26, name='Clean Facade', description='Nake sure you ckean the facade'}, TodoEntity{id=27, name='Clean Facade', description='Nake sure you ckean the facade'}, TodoEntity{id=28, name='Clean Facade', description='Nake sure you ckean the facade'}, TodoEntity{id=29, name='Clean Facade', description='Nake sure you ckean the facade'}, TodoEntity{id=31, name='Clean Facade', description='Nake sure you ckean the facade'}, TodoEntity{id=32, name='Clean Facade', description='Nake sure you ckean the facade'}, TodoEntity{id=33, name='Clean Facade', description='Nake sure you ckean the facade'}, TodoEntity{id=34, name='Clean Facade', description='Nake sure you ckean the facade'}, TodoEntity{id=35, name='Clean Facade', description='Nake sure you ckean the facade'}] 
2021-01-11 00:27:36,070 INFO ae.goldenrealestate.service.TodoService [qtp1326413897-23] Todo findByid Optional[TodoEntity{id=29, name='Clean Facade', description='Nake sure you ckean the facade'}] 
2021-01-11 00:27:36,089 INFO ae.goldenrealestate.endpoints.rest.impl.TodoController [qtp1326413897-23]  Fetched entities Optional[TodoEntity{id=29, name='Clean Facade', description='Nake sure you ckean the facade'}] 
2021-01-11 00:27:36,138 INFO ae.goldenrealestate.service.TodoService [qtp1326413897-24] Todo Added TodoEntity{id=36, name='Clean Facade', description='Nake sure you ckean the facade'} 
2021-01-11 00:27:36,156 INFO ae.goldenrealestate.endpoints.rest.impl.TodoController [qtp1326413897-24]  Fetched entities [TodoEntity{id=21, name='Clean Facade', description='Nake sure you ckean the facade'}, TodoEntity{id=26, name='Clean Facade', description='Nake sure you ckean the facade'}, TodoEntity{id=27, name='Clean Facade', description='Nake sure you ckean the facade'}, TodoEntity{id=28, name='Clean Facade', description='Nake sure you ckean the facade'}, TodoEntity{id=31, name='Clean Facade', description='Nake sure you ckean the facade'}, TodoEntity{id=32, name='Clean Facade', description='Nake sure you ckean the facade'}, TodoEntity{id=33, name='Clean Facade', description='Nake sure you ckean the facade'}, TodoEntity{id=34, name='Clean Facade', description='Nake sure you ckean the facade'}, TodoEntity{id=35, name='Clean Facade', description='Nake sure you ckean the facade'}, TodoEntity{id=36, name='Clean Facade', description='Nake sure you ckean the facade'}] 
