2021-01-17 04:16:06,300 INFO org.springframework.boot.StartupInfoLogger [main] Starting BootstrapTodoApplicationTests using Java 11.0.8 on sagayaraj with PID 8344 (started by sagayaraj in C:\SagayHome\PersonalDev\ClientProjects\GoldenRealEstate\GoldenRealEstate\todo-app-bootstrap)
2021-01-17 04:16:06,300 DEBUG org.springframework.boot.StartupInfoLogger [main] Running with Spring Boot v2.4.1, Spring v5.3.2
2021-01-17 04:16:06,300 INFO org.springframework.boot.SpringApplication [main] No active profile set, falling back to default profiles: default
2021-01-17 04:16:07,465 INFO org.springframework.data.repository.config.RepositoryConfigurationDelegate [main] Bootstrapping Spring Data JPA repositories in DEFAULT mode.
2021-01-17 04:16:07,603 INFO org.springframework.data.repository.config.RepositoryConfigurationDelegate [main] Finished Spring Data repository scanning in 126 ms. Found 3 JPA repository interfaces.
2021-01-17 04:16:09,158 INFO org.hibernate.jpa.internal.util.LogHelper [main] HHH000204: Processing PersistenceUnitInfo [name: default]
2021-01-17 04:16:09,307 INFO org.hibernate.Version [main] HHH000412: Hibernate ORM core version 5.4.25.Final
2021-01-17 04:16:09,631 INFO org.hibernate.annotations.common.reflection.java.JavaReflectionManager [main] HCANN000001: Hibernate Commons Annotations {5.1.2.Final}
2021-01-17 04:16:10,361 INFO com.zaxxer.hikari.HikariDataSource [main] HikariPool-1 - Starting...
2021-01-17 04:16:10,565 INFO com.zaxxer.hikari.HikariDataSource [main] HikariPool-1 - Start completed.
2021-01-17 04:16:10,596 INFO org.hibernate.dialect.Dialect [main] HHH000400: Using dialect: org.hibernate.dialect.PostgreSQLDialect
2021-01-17 04:16:12,087 INFO org.hibernate.engine.transaction.jta.platform.internal.JtaPlatformInitiator [main] HHH000490: Using JtaPlatform implementation: [org.hibernate.engine.transaction.jta.platform.internal.NoJtaPlatform]
2021-01-17 04:16:12,100 INFO org.springframework.orm.jpa.AbstractEntityManagerFactoryBean [main] Initialized JPA EntityManagerFactory for persistence unit 'default'
2021-01-17 04:16:12,998 INFO org.eclipse.jetty.util.log.Log [main] Logging initialized @9753ms to org.eclipse.jetty.util.log.Slf4jLog
2021-01-17 04:16:13,263 WARN org.springframework.boot.autoconfigure.orm.jpa.JpaBaseConfiguration$JpaWebConfiguration [main] spring.jpa.open-in-view is enabled by default. Therefore, database queries may be performed during view rendering. Explicitly configure spring.jpa.open-in-view to disable this warning
2021-01-17 04:16:13,781 INFO org.springframework.scheduling.concurrent.ExecutorConfigurationSupport [main] Initializing ExecutorService 'applicationTaskExecutor'
2021-01-17 04:16:14,528 INFO org.springframework.boot.StartupInfoLogger [main] Started BootstrapTodoApplicationTests in 9.094 seconds (JVM running for 11.29)
2021-01-17 04:16:14,875 INFO org.springframework.scheduling.concurrent.ExecutorConfigurationSupport [SpringContextShutdownHook] Shutting down ExecutorService 'applicationTaskExecutor'
2021-01-17 04:16:14,875 INFO org.springframework.orm.jpa.AbstractEntityManagerFactoryBean [SpringContextShutdownHook] Closing JPA EntityManagerFactory for persistence unit 'default'
2021-01-17 04:16:14,875 INFO com.zaxxer.hikari.HikariDataSource [SpringContextShutdownHook] HikariPool-1 - Shutdown initiated...
2021-01-17 04:16:14,916 INFO com.zaxxer.hikari.HikariDataSource [SpringContextShutdownHook] HikariPool-1 - Shutdown completed.
